<?xml version="1.0" encoding="utf-8"?><testsuites name="pytest tests"><testsuite name="pytest" errors="0" failures="0" skipped="0" tests="19" time="11.595" timestamp="2026-04-27T11:17:27.265951+00:00" hostname="agent-env-c2324fb5-3fac-4100-8183-7f06f630d2af"><testcase classname="backend.tests.backend_test.TestAuth" name="test_login_success" time="0.137" /><testcase classname="backend.tests.backend_test.TestAuth" name="test_login_wrong_password" time="0.116" /><testcase classname="backend.tests.backend_test.TestAuth" name="test_login_wrong_email" time="0.109" /><testcase classname="backend.tests.backend_test.TestAuth" name="test_me_without_token" time="0.112" /><testcase classname="backend.tests.backend_test.TestAuth" name="test_me_with_token" time="0.219" /><testcase classname="backend.tests.backend_test.TestMeta" name="test_models" time="0.102" /><testcase classname="backend.tests.backend_test.TestMeta" name="test_personas" time="0.098" /><testcase classname="backend.tests.backend_test.TestChat" name="test_chat_creates_session_and_persists" time="1.031" /><testcase classname="backend.tests.backend_test.TestChat" name="test_chat_continues_session" time="0.958" /><testcase classname="backend.tests.backend_test.TestChat" name="test_chat_persona_coach" time="1.097" /><testcase classname="backend.tests.backend_test.TestChat" name="test_sessions_list_and_delete" time="0.329" /><testcase classname="backend.tests.backend_test.TestNotes" name="test_create_list_update_summarize_delete" time="1.741" /><testcase classname="backend.tests.backend_test.TestNotes" name="test_delete_note" time="0.262" /><testcase classname="backend.tests.backend_test.TestTasks" name="test_create_update_prioritize_delete" time="2.859" /><testcase classname="backend.tests.backend_test.TestTasks" name="test_cleanup_tasks" time="0.329" /><testcase classname="backend.tests.backend_test.TestDocs" name="test_paste_doc_and_ask" time="1.375" /><testcase classname="backend.tests.backend_test.TestDocs" name="test_upload_txt" time="0.200" /><testcase classname="backend.tests.backend_test.TestDocs" name="test_delete_docs" time="0.223" /><testcase classname="backend.tests.backend_test.TestDashboard" name="test_dashboard" time="0.115" /></testsuite></testsuites>